POST Name: FirstPost - 
POST Comments: 4 - 
POST LikeCount: 3 - 
April 27, 2022, 2:40 pm
-------------------------
POST Name: مطلب دوم - 
POST Comments: 4 - 
POST LikeCount: 1 - 
April 27, 2022, 2:40 pm
-------------------------
POST Name: FirstPost - 
POST Comments: 4 - 
POST LikeCount: 3 - 
April 27, 2022, 2:40 pm
-------------------------
POST Name: مطلب دوم - 
POST Comments: 4 - 
POST LikeCount: 1 - 
April 27, 2022, 2:40 pm
-------------------------
POST Name: FirstPost - 
POST Comments: 4 - 
POST LikeCount: 3 - 
April 27, 2022, 3:12 pm
-------------------------
POST Name: مطلب دوم - 
POST Comments: 4 - 
POST LikeCount: 1 - 
April 27, 2022, 3:12 pm
-------------------------
