POST Name: FirstPost - 
POST Comments: 4 - 
POST LikeCount: 3 - 
April 19, 2022, 3:10 pm
-------------------------
POST Name: مطلب دوم - 
POST Comments: 4 - 
POST LikeCount: 1 - 
April 19, 2022, 3:10 pm
-------------------------
POST Name: FirstPost - 
POST Comments: 4 - 
POST LikeCount: 3 - 
April 19, 2022, 3:17 pm
-------------------------
POST Name: مطلب دوم - 
POST Comments: 4 - 
POST LikeCount: 1 - 
April 19, 2022, 3:17 pm
-------------------------
POST Name: FirstPost - 
POST Comments: 4 - 
POST LikeCount: 3 - 
April 19, 2022, 3:22 pm
-------------------------
POST Name: مطلب دوم - 
POST Comments: 4 - 
POST LikeCount: 1 - 
April 19, 2022, 3:22 pm
-------------------------
